<?xml version="1.0" encoding="UTF-8"?>
<testsuite xmlns:xsi="http://www.w3.org/2001/XMLSchema-instance" xsi:noNamespaceSchemaLocation="https://maven.apache.org/surefire/maven-surefire-plugin/xsd/surefire-test-report.xsd" name="dk.ckmwn.impl.ArticleManagementTest" time="44.271" tests="7" errors="0" skipped="0" failures="0">
  <properties>
    <property name="java.specification.version" value="16"/>
    <property name="sun.jnu.encoding" value="UTF-8"/>
    <property name="java.class.path" value="/home/jorg/Documents/database/assignments/DBD_Exam/DBPolyglot/target/test-classes:/home/jorg/Documents/database/assignments/DBD_Exam/DBPolyglot/target/classes:/home/jorg/.m2/repository/org/neo4j/driver/neo4j-java-driver/4.2.0/neo4j-java-driver-4.2.0.jar:/home/jorg/.m2/repository/org/reactivestreams/reactive-streams/1.0.3/reactive-streams-1.0.3.jar:/home/jorg/.m2/repository/org/mongodb/mongo-java-driver/3.12.8/mongo-java-driver-3.12.8.jar:/home/jorg/.m2/repository/org/junit/jupiter/junit-jupiter/5.8.0-M1/junit-jupiter-5.8.0-M1.jar:/home/jorg/.m2/repository/org/junit/jupiter/junit-jupiter-params/5.8.0-M1/junit-jupiter-params-5.8.0-M1.jar:/home/jorg/.m2/repository/org/testcontainers/junit-jupiter/1.15.0-rc2/junit-jupiter-1.15.0-rc2.jar:/home/jorg/.m2/repository/org/testcontainers/testcontainers/1.15.0-rc2/testcontainers-1.15.0-rc2.jar:/home/jorg/.m2/repository/junit/junit/4.12/junit-4.12.jar:/home/jorg/.m2/repository/org/hamcrest/hamcrest-core/1.3/hamcrest-core-1.3.jar:/home/jorg/.m2/repository/org/slf4j/slf4j-api/1.7.30/slf4j-api-1.7.30.jar:/home/jorg/.m2/repository/org/apache/commons/commons-compress/1.20/commons-compress-1.20.jar:/home/jorg/.m2/repository/org/rnorth/duct-tape/duct-tape/1.0.8/duct-tape-1.0.8.jar:/home/jorg/.m2/repository/org/rnorth/visible-assertions/visible-assertions/2.1.2/visible-assertions-2.1.2.jar:/home/jorg/.m2/repository/net/java/dev/jna/jna/5.2.0/jna-5.2.0.jar:/home/jorg/.m2/repository/com/github/docker-java/docker-java-api/3.2.5/docker-java-api-3.2.5.jar:/home/jorg/.m2/repository/com/fasterxml/jackson/core/jackson-annotations/2.10.3/jackson-annotations-2.10.3.jar:/home/jorg/.m2/repository/com/github/docker-java/docker-java-transport-zerodep/3.2.5/docker-java-transport-zerodep-3.2.5.jar:/home/jorg/.m2/repository/com/github/docker-java/docker-java-transport/3.2.5/docker-java-transport-3.2.5.jar:/home/jorg/.m2/repository/org/junit/jupiter/junit-jupiter-api/5.5.1/junit-jupiter-api-5.5.1.jar:/home/jorg/.m2/repository/org/apiguardian/apiguardian-api/1.1.0/apiguardian-api-1.1.0.jar:/home/jorg/.m2/repository/org/opentest4j/opentest4j/1.2.0/opentest4j-1.2.0.jar:/home/jorg/.m2/repository/org/junit/platform/junit-platform-commons/1.5.1/junit-platform-commons-1.5.1.jar:/home/jorg/.m2/repository/org/junit/jupiter/junit-jupiter-engine/5.3.1/junit-jupiter-engine-5.3.1.jar:/home/jorg/.m2/repository/org/junit/platform/junit-platform-engine/1.3.1/junit-platform-engine-1.3.1.jar:"/>
    <property name="java.vm.vendor" value="Oracle Corporation"/>
    <property name="sun.arch.data.model" value="64"/>
    <property name="java.vendor.url" value="https://java.oracle.com/"/>
    <property name="os.name" value="Linux"/>
    <property name="java.vm.specification.version" value="16"/>
    <property name="sun.java.launcher" value="SUN_STANDARD"/>
    <property name="user.country" value="US"/>
    <property name="sun.boot.library.path" value="/usr/lib/jvm/java-16-oracle/lib"/>
    <property name="sun.java.command" value="/home/jorg/Documents/database/assignments/DBD_Exam/DBPolyglot/target/surefire/surefirebooter16794110169419297643.jar /home/jorg/Documents/database/assignments/DBD_Exam/DBPolyglot/target/surefire 2021-06-02T11-11-35_012-jvmRun1 surefire7415681230933328384tmp surefire_0466657652999706252tmp"/>
    <property name="jdk.debug" value="release"/>
    <property name="surefire.test.class.path" value="/home/jorg/Documents/database/assignments/DBD_Exam/DBPolyglot/target/test-classes:/home/jorg/Documents/database/assignments/DBD_Exam/DBPolyglot/target/classes:/home/jorg/.m2/repository/org/neo4j/driver/neo4j-java-driver/4.2.0/neo4j-java-driver-4.2.0.jar:/home/jorg/.m2/repository/org/reactivestreams/reactive-streams/1.0.3/reactive-streams-1.0.3.jar:/home/jorg/.m2/repository/org/mongodb/mongo-java-driver/3.12.8/mongo-java-driver-3.12.8.jar:/home/jorg/.m2/repository/org/junit/jupiter/junit-jupiter/5.8.0-M1/junit-jupiter-5.8.0-M1.jar:/home/jorg/.m2/repository/org/junit/jupiter/junit-jupiter-params/5.8.0-M1/junit-jupiter-params-5.8.0-M1.jar:/home/jorg/.m2/repository/org/testcontainers/junit-jupiter/1.15.0-rc2/junit-jupiter-1.15.0-rc2.jar:/home/jorg/.m2/repository/org/testcontainers/testcontainers/1.15.0-rc2/testcontainers-1.15.0-rc2.jar:/home/jorg/.m2/repository/junit/junit/4.12/junit-4.12.jar:/home/jorg/.m2/repository/org/hamcrest/hamcrest-core/1.3/hamcrest-core-1.3.jar:/home/jorg/.m2/repository/org/slf4j/slf4j-api/1.7.30/slf4j-api-1.7.30.jar:/home/jorg/.m2/repository/org/apache/commons/commons-compress/1.20/commons-compress-1.20.jar:/home/jorg/.m2/repository/org/rnorth/duct-tape/duct-tape/1.0.8/duct-tape-1.0.8.jar:/home/jorg/.m2/repository/org/rnorth/visible-assertions/visible-assertions/2.1.2/visible-assertions-2.1.2.jar:/home/jorg/.m2/repository/net/java/dev/jna/jna/5.2.0/jna-5.2.0.jar:/home/jorg/.m2/repository/com/github/docker-java/docker-java-api/3.2.5/docker-java-api-3.2.5.jar:/home/jorg/.m2/repository/com/fasterxml/jackson/core/jackson-annotations/2.10.3/jackson-annotations-2.10.3.jar:/home/jorg/.m2/repository/com/github/docker-java/docker-java-transport-zerodep/3.2.5/docker-java-transport-zerodep-3.2.5.jar:/home/jorg/.m2/repository/com/github/docker-java/docker-java-transport/3.2.5/docker-java-transport-3.2.5.jar:/home/jorg/.m2/repository/org/junit/jupiter/junit-jupiter-api/5.5.1/junit-jupiter-api-5.5.1.jar:/home/jorg/.m2/repository/org/apiguardian/apiguardian-api/1.1.0/apiguardian-api-1.1.0.jar:/home/jorg/.m2/repository/org/opentest4j/opentest4j/1.2.0/opentest4j-1.2.0.jar:/home/jorg/.m2/repository/org/junit/platform/junit-platform-commons/1.5.1/junit-platform-commons-1.5.1.jar:/home/jorg/.m2/repository/org/junit/jupiter/junit-jupiter-engine/5.3.1/junit-jupiter-engine-5.3.1.jar:/home/jorg/.m2/repository/org/junit/platform/junit-platform-engine/1.3.1/junit-platform-engine-1.3.1.jar:"/>
    <property name="sun.cpu.endian" value="little"/>
    <property name="user.home" value="/home/jorg"/>
    <property name="user.language" value="en"/>
    <property name="java.specification.vendor" value="Oracle Corporation"/>
    <property name="java.version.date" value="2021-04-20"/>
    <property name="java.home" value="/usr/lib/jvm/java-16-oracle"/>
    <property name="file.separator" value="/"/>
    <property name="basedir" value="/home/jorg/Documents/database/assignments/DBD_Exam/DBPolyglot"/>
    <property name="java.vm.compressedOopsMode" value="Zero based"/>
    <property name="line.separator" value="&#10;"/>
    <property name="java.vm.specification.vendor" value="Oracle Corporation"/>
    <property name="java.specification.name" value="Java Platform API Specification"/>
    <property name="surefire.real.class.path" value="/home/jorg/Documents/database/assignments/DBD_Exam/DBPolyglot/target/surefire/surefirebooter16794110169419297643.jar"/>
    <property name="sun.management.compiler" value="HotSpot 64-Bit Tiered Compilers"/>
    <property name="java.runtime.version" value="16.0.1+9-24"/>
    <property name="user.name" value="jorg"/>
    <property name="path.separator" value=":"/>
    <property name="os.version" value="5.8.0-53-generic"/>
    <property name="java.runtime.name" value="Java(TM) SE Runtime Environment"/>
    <property name="file.encoding" value="UTF-8"/>
    <property name="java.vm.name" value="Java HotSpot(TM) 64-Bit Server VM"/>
    <property name="localRepository" value="/home/jorg/.m2/repository"/>
    <property name="java.vendor.url.bug" value="https://bugreport.java.com/bugreport/"/>
    <property name="java.io.tmpdir" value="/tmp"/>
    <property name="idea.version" value="2021.1.2"/>
    <property name="java.version" value="16.0.1"/>
    <property name="user.dir" value="/home/jorg/Documents/database/assignments/DBD_Exam/DBPolyglot"/>
    <property name="os.arch" value="amd64"/>
    <property name="java.vm.specification.name" value="Java Virtual Machine Specification"/>
    <property name="java.library.path" value="/usr/java/packages/lib:/usr/lib64:/lib64:/lib:/usr/lib"/>
    <property name="java.vm.info" value="mixed mode, sharing"/>
    <property name="java.vendor" value="Oracle Corporation"/>
    <property name="java.vm.version" value="16.0.1+9-24"/>
    <property name="sun.io.unicode.encoding" value="UnicodeLittle"/>
    <property name="java.class.version" value="60.0"/>
  </properties>
  <testcase name="mustUpdateArticleWithValidId" classname="dk.ckmwn.impl.ArticleManagementTest" time="4.561"/>
  <testcase name="mustCreateArticle" classname="dk.ckmwn.impl.ArticleManagementTest" time="0.041"/>
  <testcase name="mustDeleteArticleWithExistingId" classname="dk.ckmwn.impl.ArticleManagementTest" time="0.209"/>
  <testcase name="mustNotUpdateArticleWithInvalidId" classname="dk.ckmwn.impl.ArticleManagementTest" time="0.009"/>
  <testcase name="mustNotUpdateArticleWithoutId" classname="dk.ckmwn.impl.ArticleManagementTest" time="0"/>
  <testcase name="mustNotCreateArticleWithId" classname="dk.ckmwn.impl.ArticleManagementTest" time="0"/>
  <testcase name="mustGetArticleWithValidId" classname="dk.ckmwn.impl.ArticleManagementTest" time="0.038"/>
</testsuite>